<?xml version="1.0" encoding="UTF-8"?>
<!-- Generated by org.testng.reporters.JUnitReportReporter -->
<testsuite hostname="Abhisheks-Laptop.local" failures="0" tests="1" name="com.mkt.test.Project2.TestCase1_Test_New_user_Register" time="18.792" errors="0" timestamp="2024-06-09T01:57:53 IST" skipped="0">
  <testcase classname="com.mkt.test.Project2.TestCase1_Test_New_user_Register" name="Verify_sucessfully_register" time="18.792"/>
  <system-out>
    <![CDATA[accepted the cookies
clicked on  the singnup button
cicked on  the singup button
cicked on  the singup button
cicked on  the singup button
cicked on  the singup button
selected india
clicked on  the singnup button
the birth year selected 
the birth month selected 
the birth date is  selected 
continue button clicked
user email is entered
user confirmation email is entered
Test case is passed]]>
  </system-out>
</testsuite> <!-- com.mkt.test.Project2.TestCase1_Test_New_user_Register -->
