<?xml version="1.0" encoding="UTF-8"?>
<!-- Generated by org.testng.reporters.JUnitReportReporter -->
<testsuite hostname="Abhisheks-Laptop.local" failures="0" tests="1" name="com.mkt.test.Project2.TestCase4_Verify_search_flight" time="16.206" errors="0" timestamp="2024-10-12T21:21:12 IST" skipped="0">
  <testcase classname="com.mkt.test.Project2.TestCase4_Verify_search_flight" name="search_flight" time="16.206"/>
  <system-out>
    <![CDATA[Test case is passed]]>
  </system-out>
</testsuite> <!-- com.mkt.test.Project2.TestCase4_Verify_search_flight -->
