<?xml version="1.0" encoding="UTF-8"?>
<!-- Generated by org.testng.reporters.JUnitReportReporter -->
<testsuite hostname="Abhisheks-Laptop.local" failures="0" tests="1" name="com.mkt.test.Project2.TestCase2_Verify_Login_sucessfully_with_correct_email_Pass" time="11.007" errors="0" timestamp="2024-06-22T19:41:23 IST" skipped="0">
  <testcase classname="com.mkt.test.Project2.TestCase2_Verify_Login_sucessfully_with_correct_email_Pass" name="Login_sucesfully_with_correct_email_Password" time="11.007"/>
  <system-out>
    <![CDATA[accepted the cookies
clicked on  the singnup button
user email is entered
user password is entered
user clicked on singin button to login
user name is displaying on the home page
Test case is passed]]>
  </system-out>
</testsuite> <!-- com.mkt.test.Project2.TestCase2_Verify_Login_sucessfully_with_correct_email_Pass -->
