<?xml version="1.0" encoding="UTF-8"?>
<!-- Generated by org.testng.reporters.JUnitReportReporter -->
<testsuite hostname="Abhisheks-Laptop.local" failures="0" tests="1" name="com.mkt.test.Project2.TC1_verify_Spicejet_New_user_Registeration" time="100.094" errors="0" timestamp="2024-10-16T09:14:39 IST" skipped="0">
  <testcase classname="com.mkt.test.Project2.TC1_verify_Spicejet_New_user_Registeration" name="Verify_sucessfully_register" time="100.094"/>
  <system-out>
    <![CDATA[user entered title
Selected date of birth
entered user name
user last name entered
user email is entered
selected india
user phone number  is entered
user password  is entered
user confirmation password  is entered
checkmarked  terms
clicked on submit button
Test case is passed]]>
  </system-out>
</testsuite> <!-- com.mkt.test.Project2.TC1_verify_Spicejet_New_user_Registeration -->
