<?xml version="1.0" encoding="UTF-8"?>
<!-- Generated by org.testng.reporters.JUnitReportReporter -->
<testsuite hostname="Abhisheks-Laptop.local" failures="0" tests="1" name="com.mkt.test.Project2.TestCase3_Verify_Login_with_invalid_credentials_display_error_message" time="9.054" errors="0" timestamp="2024-06-22T19:41:51 IST" skipped="0">
  <testcase classname="com.mkt.test.Project2.TestCase3_Verify_Login_with_invalid_credentials_display_error_message" name="Login_sucesfully_with_incorrect_Password" time="9.054"/>
  <system-out>
    <![CDATA[accepted the cookies
clicked on  the singnup button
user email is entered
user entered incorrect password
user clicked on singin button to login
error message is displayed on the login page
Test case is passed]]>
  </system-out>
</testsuite> <!-- com.mkt.test.Project2.TestCase3_Verify_Login_with_invalid_credentials_display_error_message -->
