<?xml version="1.0" encoding="UTF-8"?>
<!-- Generated by org.testng.reporters.JUnitReportReporter -->
<testsuite hostname="Abhisheks-Laptop.local" failures="0" tests="1" name="com.mkt.test.Project2.TestCase1_verify_New_user_Registeration" time="5.806" errors="0" timestamp="2024-06-09T18:00:34 IST" skipped="0">
  <testcase classname="com.mkt.test.Project2.TestCase1_verify_New_user_Registeration" name="Verify_sucessfully_register" time="5.806"/>
  <system-out>
    <![CDATA[Test case is passed]]>
  </system-out>
</testsuite> <!-- com.mkt.test.Project2.TestCase1_verify_New_user_Registeration -->
